<?xml version="1.0" encoding="UTF-8"?>
<testng-results skipped="0" failed="0" ignored="0" total="1" passed="1">
  <reporter-output>
  </reporter-output>
  <suite name="Default suite" duration-ms="69" started-at="2020-05-18T09:26:35 IST" finished-at="2020-05-18T09:26:35 IST">
    <groups>
    </groups>
    <test name="Default test" duration-ms="69" started-at="2020-05-18T09:26:35 IST" finished-at="2020-05-18T09:26:35 IST">
      <class name="unittest.TestComparison">
        <test-method status="PASS" signature="passtest()[pri:0, instance:unittest.TestComparison@3a5ed7a6]" name="passtest" duration-ms="19" started-at="2020-05-18T09:26:35 IST" finished-at="2020-05-18T09:26:35 IST">
          <reporter-output>
          </reporter-output>
        </test-method> <!-- passtest -->
      </class> <!-- unittest.TestComparison -->
    </test> <!-- Default test -->
  </suite> <!-- Default suite -->
</testng-results>
